Analysis & Synthesis report for EmbeddedStudioA
Sat Sep  9 19:58:01 2023
Quartus Prime Version 22.1std.2 Build 922 07/20/2023 SC Lite Edition


---------------------
; Table of Contents ;
---------------------
  1. Legal Notice
  2. Analysis & Synthesis Summary
  3. Analysis & Synthesis Settings
  4. Parallel Compilation
  5. Analysis & Synthesis Source Files Read
  6. Analysis & Synthesis Resource Usage Summary
  7. Analysis & Synthesis Resource Utilization by Entity
  8. Analysis & Synthesis IP Cores Summary
  9. State Machine - |EmbeddedStudioA|I2C:I2C|state
 10. State Machine - |EmbeddedStudioA|I2C:I2C|cnt
 11. Registers Removed During Synthesis
 12. General Register Statistics
 13. Inverted Register Statistics
 14. Multiplexer Restructuring Statistics (Restructuring Performed)
 15. Parameter Settings for User Entity Instance: I2C:I2C
 16. Parameter Settings for User Entity Instance: SEGMENT_DISPLAY:SEGMENT_DISPLAY|binary_decimal:binary_decimal|lpmdiv:lpmdiv_inst|lpm_divide:LPM_DIVIDE_component
 17. Parameter Settings for User Entity Instance: SEGMENT_DISPLAY:SEGMENT_DISPLAY|binary_decimal:binary_decimal|lpmdiv:lpmdiv_inst_2|lpm_divide:LPM_DIVIDE_component
 18. Port Connectivity Checks: "SEGMENT_DISPLAY:SEGMENT_DISPLAY|binary_decimal:binary_decimal|lpmdiv:lpmdiv_inst_2"
 19. Port Connectivity Checks: "SEGMENT_DISPLAY:SEGMENT_DISPLAY|binary_decimal:binary_decimal|lpmdiv:lpmdiv_inst"
 20. Port Connectivity Checks: "SEGMENT_DISPLAY:SEGMENT_DISPLAY|binary_decimal:binary_decimal"
 21. Post-Synthesis Netlist Statistics for Top Partition
 22. Elapsed Time Per Partition
 23. Analysis & Synthesis Messages



----------------
; Legal Notice ;
----------------
Copyright (C) 2023  Intel Corporation. All rights reserved.
Your use of Intel Corporation's design tools, logic functions 
and other software and tools, and any partner logic 
functions, and any output files from any of the foregoing 
(including device programming or simulation files), and any 
associated documentation or information are expressly subject 
to the terms and conditions of the Intel Program License 
Subscription Agreement, the Intel Quartus Prime License Agreement,
the Intel FPGA IP License Agreement, or other applicable license
agreement, including, without limitation, that your use is for
the sole purpose of programming logic devices manufactured by
Intel and sold by Intel or its authorized distributors.  Please
refer to the applicable agreement for further details, at
https://fpgasoftware.intel.com/eula.



+-------------------------------------------------------------------------------------+
; Analysis & Synthesis Summary                                                        ;
+------------------------------------+------------------------------------------------+
; Analysis & Synthesis Status        ; Successful - Sat Sep  9 19:58:01 2023          ;
; Quartus Prime Version              ; 22.1std.2 Build 922 07/20/2023 SC Lite Edition ;
; Revision Name                      ; EmbeddedStudioA                                ;
; Top-level Entity Name              ; EmbeddedStudioA                                ;
; Family                             ; Cyclone IV E                                   ;
; Total logic elements               ; 308                                            ;
;     Total combinational functions  ; 308                                            ;
;     Dedicated logic registers      ; 107                                            ;
; Total registers                    ; 107                                            ;
; Total pins                         ; 16                                             ;
; Total virtual pins                 ; 0                                              ;
; Total memory bits                  ; 0                                              ;
; Embedded Multiplier 9-bit elements ; 0                                              ;
; Total PLLs                         ; 0                                              ;
+------------------------------------+------------------------------------------------+


+------------------------------------------------------------------------------------------------------------+
; Analysis & Synthesis Settings                                                                              ;
+------------------------------------------------------------------+--------------------+--------------------+
; Option                                                           ; Setting            ; Default Value      ;
+------------------------------------------------------------------+--------------------+--------------------+
; Device                                                           ; EP4CE6E22C8        ;                    ;
; Top-level entity name                                            ; EmbeddedStudioA    ; EmbeddedStudioA    ;
; Family name                                                      ; Cyclone IV E       ; Cyclone V          ;
; Use smart compilation                                            ; Off                ; Off                ;
; Enable parallel Assembler and Timing Analyzer during compilation ; On                 ; On                 ;
; Enable compact report table                                      ; Off                ; Off                ;
; Restructure Multiplexers                                         ; Auto               ; Auto               ;
; Create Debugging Nodes for IP Cores                              ; Off                ; Off                ;
; Preserve fewer node names                                        ; On                 ; On                 ;
; Intel FPGA IP Evaluation Mode                                    ; Enable             ; Enable             ;
; Verilog Version                                                  ; Verilog_2001       ; Verilog_2001       ;
; VHDL Version                                                     ; VHDL_1993          ; VHDL_1993          ;
; State Machine Processing                                         ; Auto               ; Auto               ;
; Safe State Machine                                               ; Off                ; Off                ;
; Extract Verilog State Machines                                   ; On                 ; On                 ;
; Extract VHDL State Machines                                      ; On                 ; On                 ;
; Ignore Verilog initial constructs                                ; Off                ; Off                ;
; Iteration limit for constant Verilog loops                       ; 5000               ; 5000               ;
; Iteration limit for non-constant Verilog loops                   ; 250                ; 250                ;
; Add Pass-Through Logic to Inferred RAMs                          ; On                 ; On                 ;
; Infer RAMs from Raw Logic                                        ; On                 ; On                 ;
; Parallel Synthesis                                               ; On                 ; On                 ;
; DSP Block Balancing                                              ; Auto               ; Auto               ;
; NOT Gate Push-Back                                               ; On                 ; On                 ;
; Power-Up Don't Care                                              ; On                 ; On                 ;
; Remove Redundant Logic Cells                                     ; Off                ; Off                ;
; Remove Duplicate Registers                                       ; On                 ; On                 ;
; Ignore CARRY Buffers                                             ; Off                ; Off                ;
; Ignore CASCADE Buffers                                           ; Off                ; Off                ;
; Ignore GLOBAL Buffers                                            ; Off                ; Off                ;
; Ignore ROW GLOBAL Buffers                                        ; Off                ; Off                ;
; Ignore LCELL Buffers                                             ; Off                ; Off                ;
; Ignore SOFT Buffers                                              ; On                 ; On                 ;
; Limit AHDL Integers to 32 Bits                                   ; Off                ; Off                ;
; Optimization Technique                                           ; Balanced           ; Balanced           ;
; Carry Chain Length                                               ; 70                 ; 70                 ;
; Auto Carry Chains                                                ; On                 ; On                 ;
; Auto Open-Drain Pins                                             ; On                 ; On                 ;
; Perform WYSIWYG Primitive Resynthesis                            ; Off                ; Off                ;
; Auto ROM Replacement                                             ; On                 ; On                 ;
; Auto RAM Replacement                                             ; On                 ; On                 ;
; Auto DSP Block Replacement                                       ; On                 ; On                 ;
; Auto Shift Register Replacement                                  ; Auto               ; Auto               ;
; Allow Shift Register Merging across Hierarchies                  ; Auto               ; Auto               ;
; Auto Clock Enable Replacement                                    ; On                 ; On                 ;
; Strict RAM Replacement                                           ; Off                ; Off                ;
; Allow Synchronous Control Signals                                ; On                 ; On                 ;
; Force Use of Synchronous Clear Signals                           ; Off                ; Off                ;
; Auto RAM Block Balancing                                         ; On                 ; On                 ;
; Auto RAM to Logic Cell Conversion                                ; Off                ; Off                ;
; Auto Resource Sharing                                            ; Off                ; Off                ;
; Allow Any RAM Size For Recognition                               ; Off                ; Off                ;
; Allow Any ROM Size For Recognition                               ; Off                ; Off                ;
; Allow Any Shift Register Size For Recognition                    ; Off                ; Off                ;
; Use LogicLock Constraints during Resource Balancing              ; On                 ; On                 ;
; Ignore translate_off and synthesis_off directives                ; Off                ; Off                ;
; Timing-Driven Synthesis                                          ; On                 ; On                 ;
; Report Parameter Settings                                        ; On                 ; On                 ;
; Report Source Assignments                                        ; On                 ; On                 ;
; Report Connectivity Checks                                       ; On                 ; On                 ;
; Ignore Maximum Fan-Out Assignments                               ; Off                ; Off                ;
; Synchronization Register Chain Length                            ; 2                  ; 2                  ;
; Power Optimization During Synthesis                              ; Normal compilation ; Normal compilation ;
; HDL message level                                                ; Level2             ; Level2             ;
; Suppress Register Optimization Related Messages                  ; Off                ; Off                ;
; Number of Removed Registers Reported in Synthesis Report         ; 5000               ; 5000               ;
; Number of Swept Nodes Reported in Synthesis Report               ; 5000               ; 5000               ;
; Number of Inverted Registers Reported in Synthesis Report        ; 100                ; 100                ;
; Clock MUX Protection                                             ; On                 ; On                 ;
; Auto Gated Clock Conversion                                      ; Off                ; Off                ;
; Block Design Naming                                              ; Auto               ; Auto               ;
; SDC constraint protection                                        ; Off                ; Off                ;
; Synthesis Effort                                                 ; Auto               ; Auto               ;
; Shift Register Replacement - Allow Asynchronous Clear Signal     ; On                 ; On                 ;
; Pre-Mapping Resynthesis Optimization                             ; Off                ; Off                ;
; Analysis & Synthesis Message Level                               ; Medium             ; Medium             ;
; Disable Register Merging Across Hierarchies                      ; Auto               ; Auto               ;
; Resource Aware Inference For Block RAM                           ; On                 ; On                 ;
+------------------------------------------------------------------+--------------------+--------------------+


+------------------------------------------+
; Parallel Compilation                     ;
+----------------------------+-------------+
; Processors                 ; Number      ;
+----------------------------+-------------+
; Number detected on machine ; 8           ;
; Maximum allowed            ; 4           ;
;                            ;             ;
; Average used               ; 1.00        ;
; Maximum used               ; 4           ;
;                            ;             ;
; Usage by Processor         ; % Time Used ;
;     Processor 1            ; 100.0%      ;
;     Processors 2-4         ;   0.0%      ;
+----------------------------+-------------+


+-----------------------------------------------------------------------------------------------------------------------------------------------------------------------------+
; Analysis & Synthesis Source Files Read                                                                                                                                      ;
+----------------------------------+-----------------+------------------------------+-------------------------------------------------------------------------------+---------+
; File Name with User-Entered Path ; Used in Netlist ; File Type                    ; File Name with Absolute Path                                                  ; Library ;
+----------------------------------+-----------------+------------------------------+-------------------------------------------------------------------------------+---------+
; lpmdiv.v                         ; yes             ; User Wizard-Generated File   ; C:/Users/Alici/Documents/EmbeddedStudioA/lpmdiv.v                             ;         ;
; EmbeddedStudioA.v                ; yes             ; User Verilog HDL File        ; C:/Users/Alici/Documents/EmbeddedStudioA/EmbeddedStudioA.v                    ;         ;
; SEGMENT_DISPLAY.v                ; yes             ; User Verilog HDL File        ; C:/Users/Alici/Documents/EmbeddedStudioA/SEGMENT_DISPLAY.v                    ;         ;
; I2C.v                            ; yes             ; User Verilog HDL File        ; C:/Users/Alici/Documents/EmbeddedStudioA/I2C.v                                ;         ;
; BINARY2DECIMAL.v                 ; yes             ; User Verilog HDL File        ; C:/Users/Alici/Documents/EmbeddedStudioA/BINARY2DECIMAL.v                     ;         ;
; lpm_divide.tdf                   ; yes             ; Megafunction                 ; c:/intelfpga_lite/22.1std/quartus/libraries/megafunctions/lpm_divide.tdf      ;         ;
; abs_divider.inc                  ; yes             ; Megafunction                 ; c:/intelfpga_lite/22.1std/quartus/libraries/megafunctions/abs_divider.inc     ;         ;
; sign_div_unsign.inc              ; yes             ; Megafunction                 ; c:/intelfpga_lite/22.1std/quartus/libraries/megafunctions/sign_div_unsign.inc ;         ;
; aglobal221.inc                   ; yes             ; Megafunction                 ; c:/intelfpga_lite/22.1std/quartus/libraries/megafunctions/aglobal221.inc      ;         ;
; db/lpm_divide_79u.tdf            ; yes             ; Auto-Generated Megafunction  ; C:/Users/Alici/Documents/EmbeddedStudioA/db/lpm_divide_79u.tdf                ;         ;
; db/sign_div_unsign_ekh.tdf       ; yes             ; Auto-Generated Megafunction  ; C:/Users/Alici/Documents/EmbeddedStudioA/db/sign_div_unsign_ekh.tdf           ;         ;
; db/alt_u_div_f4f.tdf             ; yes             ; Auto-Generated Megafunction  ; C:/Users/Alici/Documents/EmbeddedStudioA/db/alt_u_div_f4f.tdf                 ;         ;
; db/add_sub_7pc.tdf               ; yes             ; Auto-Generated Megafunction  ; C:/Users/Alici/Documents/EmbeddedStudioA/db/add_sub_7pc.tdf                   ;         ;
; db/add_sub_8pc.tdf               ; yes             ; Auto-Generated Megafunction  ; C:/Users/Alici/Documents/EmbeddedStudioA/db/add_sub_8pc.tdf                   ;         ;
+----------------------------------+-----------------+------------------------------+-------------------------------------------------------------------------------+---------+


+-------------------------------------------------------------+
; Analysis & Synthesis Resource Usage Summary                 ;
+---------------------------------------------+---------------+
; Resource                                    ; Usage         ;
+---------------------------------------------+---------------+
; Estimated Total logic elements              ; 308           ;
;                                             ;               ;
; Total combinational functions               ; 308           ;
; Logic element usage by number of LUT inputs ;               ;
;     -- 4 input functions                    ; 107           ;
;     -- 3 input functions                    ; 63            ;
;     -- <=2 input functions                  ; 138           ;
;                                             ;               ;
; Logic elements by mode                      ;               ;
;     -- normal mode                          ; 199           ;
;     -- arithmetic mode                      ; 109           ;
;                                             ;               ;
; Total registers                             ; 107           ;
;     -- Dedicated logic registers            ; 107           ;
;     -- I/O registers                        ; 0             ;
;                                             ;               ;
; I/O pins                                    ; 16            ;
;                                             ;               ;
; Embedded Multiplier 9-bit elements          ; 0             ;
;                                             ;               ;
; Maximum fan-out node                        ; reset_n~input ;
; Maximum fan-out                             ; 116           ;
; Total fan-out                               ; 1231          ;
; Average fan-out                             ; 2.75          ;
+---------------------------------------------+---------------+


+---------------------------------------------------------------------------------------------------------------------------------------------------------------------------------------------------------------------------------------------------------------------------------------------------------------------------------------------------------------------------------------------------------------------------------------+
; Analysis & Synthesis Resource Utilization by Entity                                                                                                                                                                                                                                                                                                                                                                                   ;
+-------------------------------------------------+---------------------+---------------------------+-------------+--------------+---------+-----------+------+--------------+---------------------------------------------------------------------------------------------------------------------------------------------------------------------------------------------------------------------+---------------------+--------------+
; Compilation Hierarchy Node                      ; Combinational ALUTs ; Dedicated Logic Registers ; Memory Bits ; DSP Elements ; DSP 9x9 ; DSP 18x18 ; Pins ; Virtual Pins ; Full Hierarchy Name                                                                                                                                                                                                 ; Entity Name         ; Library Name ;
+-------------------------------------------------+---------------------+---------------------------+-------------+--------------+---------+-----------+------+--------------+---------------------------------------------------------------------------------------------------------------------------------------------------------------------------------------------------------------------+---------------------+--------------+
; |EmbeddedStudioA                                ; 308 (0)             ; 107 (0)                   ; 0           ; 0            ; 0       ; 0         ; 16   ; 0            ; |EmbeddedStudioA                                                                                                                                                                                                    ; EmbeddedStudioA     ; work         ;
;    |I2C:I2C|                                    ; 118 (118)           ; 59 (59)                   ; 0           ; 0            ; 0       ; 0         ; 0    ; 0            ; |EmbeddedStudioA|I2C:I2C                                                                                                                                                                                            ; I2C                 ; work         ;
;    |SEGMENT_DISPLAY:SEGMENT_DISPLAY|            ; 190 (96)            ; 48 (48)                   ; 0           ; 0            ; 0       ; 0         ; 0    ; 0            ; |EmbeddedStudioA|SEGMENT_DISPLAY:SEGMENT_DISPLAY                                                                                                                                                                    ; SEGMENT_DISPLAY     ; work         ;
;       |binary_decimal:binary_decimal|           ; 94 (17)             ; 0 (0)                     ; 0           ; 0            ; 0       ; 0         ; 0    ; 0            ; |EmbeddedStudioA|SEGMENT_DISPLAY:SEGMENT_DISPLAY|binary_decimal:binary_decimal                                                                                                                                      ; binary_decimal      ; work         ;
;          |lpmdiv:lpmdiv_inst_2|                 ; 20 (0)              ; 0 (0)                     ; 0           ; 0            ; 0       ; 0         ; 0    ; 0            ; |EmbeddedStudioA|SEGMENT_DISPLAY:SEGMENT_DISPLAY|binary_decimal:binary_decimal|lpmdiv:lpmdiv_inst_2                                                                                                                 ; lpmdiv              ; work         ;
;             |lpm_divide:LPM_DIVIDE_component|   ; 20 (0)              ; 0 (0)                     ; 0           ; 0            ; 0       ; 0         ; 0    ; 0            ; |EmbeddedStudioA|SEGMENT_DISPLAY:SEGMENT_DISPLAY|binary_decimal:binary_decimal|lpmdiv:lpmdiv_inst_2|lpm_divide:LPM_DIVIDE_component                                                                                 ; lpm_divide          ; work         ;
;                |lpm_divide_79u:auto_generated|  ; 20 (0)              ; 0 (0)                     ; 0           ; 0            ; 0       ; 0         ; 0    ; 0            ; |EmbeddedStudioA|SEGMENT_DISPLAY:SEGMENT_DISPLAY|binary_decimal:binary_decimal|lpmdiv:lpmdiv_inst_2|lpm_divide:LPM_DIVIDE_component|lpm_divide_79u:auto_generated                                                   ; lpm_divide_79u      ; work         ;
;                   |sign_div_unsign_ekh:divider| ; 20 (0)              ; 0 (0)                     ; 0           ; 0            ; 0       ; 0         ; 0    ; 0            ; |EmbeddedStudioA|SEGMENT_DISPLAY:SEGMENT_DISPLAY|binary_decimal:binary_decimal|lpmdiv:lpmdiv_inst_2|lpm_divide:LPM_DIVIDE_component|lpm_divide_79u:auto_generated|sign_div_unsign_ekh:divider                       ; sign_div_unsign_ekh ; work         ;
;                      |alt_u_div_f4f:divider|    ; 20 (20)             ; 0 (0)                     ; 0           ; 0            ; 0       ; 0         ; 0    ; 0            ; |EmbeddedStudioA|SEGMENT_DISPLAY:SEGMENT_DISPLAY|binary_decimal:binary_decimal|lpmdiv:lpmdiv_inst_2|lpm_divide:LPM_DIVIDE_component|lpm_divide_79u:auto_generated|sign_div_unsign_ekh:divider|alt_u_div_f4f:divider ; alt_u_div_f4f       ; work         ;
;          |lpmdiv:lpmdiv_inst|                   ; 57 (0)              ; 0 (0)                     ; 0           ; 0            ; 0       ; 0         ; 0    ; 0            ; |EmbeddedStudioA|SEGMENT_DISPLAY:SEGMENT_DISPLAY|binary_decimal:binary_decimal|lpmdiv:lpmdiv_inst                                                                                                                   ; lpmdiv              ; work         ;
;             |lpm_divide:LPM_DIVIDE_component|   ; 57 (0)              ; 0 (0)                     ; 0           ; 0            ; 0       ; 0         ; 0    ; 0            ; |EmbeddedStudioA|SEGMENT_DISPLAY:SEGMENT_DISPLAY|binary_decimal:binary_decimal|lpmdiv:lpmdiv_inst|lpm_divide:LPM_DIVIDE_component                                                                                   ; lpm_divide          ; work         ;
;                |lpm_divide_79u:auto_generated|  ; 57 (0)              ; 0 (0)                     ; 0           ; 0            ; 0       ; 0         ; 0    ; 0            ; |EmbeddedStudioA|SEGMENT_DISPLAY:SEGMENT_DISPLAY|binary_decimal:binary_decimal|lpmdiv:lpmdiv_inst|lpm_divide:LPM_DIVIDE_component|lpm_divide_79u:auto_generated                                                     ; lpm_divide_79u      ; work         ;
;                   |sign_div_unsign_ekh:divider| ; 57 (0)              ; 0 (0)                     ; 0           ; 0            ; 0       ; 0         ; 0    ; 0            ; |EmbeddedStudioA|SEGMENT_DISPLAY:SEGMENT_DISPLAY|binary_decimal:binary_decimal|lpmdiv:lpmdiv_inst|lpm_divide:LPM_DIVIDE_component|lpm_divide_79u:auto_generated|sign_div_unsign_ekh:divider                         ; sign_div_unsign_ekh ; work         ;
;                      |alt_u_div_f4f:divider|    ; 57 (57)             ; 0 (0)                     ; 0           ; 0            ; 0       ; 0         ; 0    ; 0            ; |EmbeddedStudioA|SEGMENT_DISPLAY:SEGMENT_DISPLAY|binary_decimal:binary_decimal|lpmdiv:lpmdiv_inst|lpm_divide:LPM_DIVIDE_component|lpm_divide_79u:auto_generated|sign_div_unsign_ekh:divider|alt_u_div_f4f:divider   ; alt_u_div_f4f       ; work         ;
+-------------------------------------------------+---------------------+---------------------------+-------------+--------------+---------+-----------+------+--------------+---------------------------------------------------------------------------------------------------------------------------------------------------------------------------------------------------------------------+---------------------+--------------+
Note: For table entries with two numbers listed, the numbers in parentheses indicate the number of resources of the given type used by the specific entity alone. The numbers listed outside of parentheses indicate the total resources of the given type used by the specific entity and all of its sub-entities in the hierarchy.


+---------------------------------------------------------------------------------------------------------------------------------------------------------------------------------------+
; Analysis & Synthesis IP Cores Summary                                                                                                                                                 ;
+--------+--------------+---------+--------------+--------------+-----------------------------------------------------------------------------------------------------+-----------------+
; Vendor ; IP Core Name ; Version ; Release Date ; License Type ; Entity Instance                                                                                     ; IP Include File ;
+--------+--------------+---------+--------------+--------------+-----------------------------------------------------------------------------------------------------+-----------------+
; Altera ; LPM_DIVIDE   ; 20.1    ; N/A          ; N/A          ; |EmbeddedStudioA|SEGMENT_DISPLAY:SEGMENT_DISPLAY|binary_decimal:binary_decimal|lpmdiv:lpmdiv_inst   ; lpmdiv.v        ;
; Altera ; LPM_DIVIDE   ; 20.1    ; N/A          ; N/A          ; |EmbeddedStudioA|SEGMENT_DISPLAY:SEGMENT_DISPLAY|binary_decimal:binary_decimal|lpmdiv:lpmdiv_inst_2 ; lpmdiv.v        ;
+--------+--------------+---------+--------------+--------------+-----------------------------------------------------------------------------------------------------+-----------------+


Encoding Type:  One-Hot
+------------------------------------------------------------------------------------------------------------------------------------------+
; State Machine - |EmbeddedStudioA|I2C:I2C|state                                                                                           ;
+---------------+------------+------------+------------+-------------+------------+-------------+------------+---------------+-------------+
; Name          ; state.IDLE ; state.STOP ; state.NACK ; state.READ2 ; state.ACK2 ; state.READ1 ; state.ACK1 ; state.ADDRESS ; state.START ;
+---------------+------------+------------+------------+-------------+------------+-------------+------------+---------------+-------------+
; state.IDLE    ; 0          ; 0          ; 0          ; 0           ; 0          ; 0           ; 0          ; 0             ; 0           ;
; state.START   ; 1          ; 0          ; 0          ; 0           ; 0          ; 0           ; 0          ; 0             ; 1           ;
; state.ADDRESS ; 1          ; 0          ; 0          ; 0           ; 0          ; 0           ; 0          ; 1             ; 0           ;
; state.ACK1    ; 1          ; 0          ; 0          ; 0           ; 0          ; 0           ; 1          ; 0             ; 0           ;
; state.READ1   ; 1          ; 0          ; 0          ; 0           ; 0          ; 1           ; 0          ; 0             ; 0           ;
; state.ACK2    ; 1          ; 0          ; 0          ; 0           ; 1          ; 0           ; 0          ; 0             ; 0           ;
; state.READ2   ; 1          ; 0          ; 0          ; 1           ; 0          ; 0           ; 0          ; 0             ; 0           ;
; state.NACK    ; 1          ; 0          ; 1          ; 0           ; 0          ; 0           ; 0          ; 0             ; 0           ;
; state.STOP    ; 1          ; 1          ; 0          ; 0           ; 0          ; 0           ; 0          ; 0             ; 0           ;
+---------------+------------+------------+------------+-------------+------------+-------------+------------+---------------+-------------+


Encoding Type:  One-Hot
+-----------------------------------------------------------+
; State Machine - |EmbeddedStudioA|I2C:I2C|cnt              ;
+---------+---------+---------+---------+---------+---------+
; Name    ; cnt.000 ; cnt.011 ; cnt.010 ; cnt.001 ; cnt.101 ;
+---------+---------+---------+---------+---------+---------+
; cnt.101 ; 0       ; 0       ; 0       ; 0       ; 0       ;
; cnt.001 ; 0       ; 0       ; 0       ; 1       ; 1       ;
; cnt.010 ; 0       ; 0       ; 1       ; 0       ; 1       ;
; cnt.011 ; 0       ; 1       ; 0       ; 0       ; 1       ;
; cnt.000 ; 1       ; 0       ; 0       ; 0       ; 1       ;
+---------+---------+---------+---------+---------+---------+


+---------------------------------------------------------------------------------------------------+
; Registers Removed During Synthesis                                                                ;
+----------------------------------------+----------------------------------------------------------+
; Register name                          ; Reason for Removal                                       ;
+----------------------------------------+----------------------------------------------------------+
; I2C:I2C|address_register[1..3,5,6]     ; Stuck at GND due to stuck port data_in                   ;
; I2C:I2C|address_register[4,7]          ; Merged with I2C:I2C|address_register[0]                  ;
; I2C:I2C|cnt.101                        ; Lost fanout                                              ;
; I2C:I2C|state~14                       ; Lost fanout                                              ;
; I2C:I2C|cnt~4                          ; Lost fanout                                              ;
; I2C:I2C|cnt~5                          ; Lost fanout                                              ;
; I2C:I2C|timer_cnt[0]                   ; Merged with SEGMENT_DISPLAY:SEGMENT_DISPLAY|timer_cnt[0] ;
; I2C:I2C|scl_cnt[0]                     ; Merged with SEGMENT_DISPLAY:SEGMENT_DISPLAY|timer_cnt[0] ;
; I2C:I2C|timer_cnt[1]                   ; Merged with I2C:I2C|scl_cnt[1]                           ;
; I2C:I2C|timer_cnt[2]                   ; Merged with I2C:I2C|scl_cnt[2]                           ;
; Total Number of Removed Registers = 15 ;                                                          ;
+----------------------------------------+----------------------------------------------------------+


+------------------------------------------------------+
; General Register Statistics                          ;
+----------------------------------------------+-------+
; Statistic                                    ; Value ;
+----------------------------------------------+-------+
; Total registers                              ; 107   ;
; Number of registers using Synchronous Clear  ; 0     ;
; Number of registers using Synchronous Load   ; 0     ;
; Number of registers using Asynchronous Clear ; 107   ;
; Number of registers using Asynchronous Load  ; 0     ;
; Number of registers using Clock Enable       ; 4     ;
; Number of registers using Preset             ; 0     ;
+----------------------------------------------+-------+


+--------------------------------------------------+
; Inverted Register Statistics                     ;
+----------------------------------------+---------+
; Inverted Register                      ; Fan out ;
+----------------------------------------+---------+
; I2C:I2C|sda_register                   ; 6       ;
; I2C:I2C|sda_link                       ; 2       ;
; Total number of inverted registers = 2 ;         ;
+----------------------------------------+---------+


+---------------------------------------------------------------------------------------------------------------------------------------------------------------------------------------------------------------+
; Multiplexer Restructuring Statistics (Restructuring Performed)                                                                                                                                                ;
+--------------------+-----------+---------------+----------------------+------------------------+------------+-------------------------------------------------------------------------------------------------+
; Multiplexer Inputs ; Bus Width ; Baseline Area ; Area if Restructured ; Saving if Restructured ; Registered ; Example Multiplexer Output                                                                      ;
+--------------------+-----------+---------------+----------------------+------------------------+------------+-------------------------------------------------------------------------------------------------+
; 9:1                ; 4 bits    ; 24 LEs        ; 4 LEs                ; 20 LEs                 ; Yes        ; |EmbeddedStudioA|I2C:I2C|data_cnt[3]                                                            ;
; 5:1                ; 2 bits    ; 6 LEs         ; 6 LEs                ; 0 LEs                  ; No         ; |EmbeddedStudioA|SEGMENT_DISPLAY:SEGMENT_DISPLAY|binary_decimal:binary_decimal|decimal_digit[0] ;
+--------------------+-----------+---------------+----------------------+------------------------+------------+-------------------------------------------------------------------------------------------------+


+------------------------------------------------------+
; Parameter Settings for User Entity Instance: I2C:I2C ;
+----------------+-----------+-------------------------+
; Parameter Name ; Value     ; Type                    ;
+----------------+-----------+-------------------------+
; IDLE           ; 000000000 ; Unsigned Binary         ;
; START          ; 000000010 ; Unsigned Binary         ;
; ADDRESS        ; 000000100 ; Unsigned Binary         ;
; ACK1           ; 000001000 ; Unsigned Binary         ;
; READ1          ; 000010000 ; Unsigned Binary         ;
; ACK2           ; 000100000 ; Unsigned Binary         ;
; READ2          ; 001000000 ; Unsigned Binary         ;
; NACK           ; 010000000 ; Unsigned Binary         ;
; STOP           ; 100000000 ; Unsigned Binary         ;
+----------------+-----------+-------------------------+
Note: In order to hide this table in the UI and the text report file, please set the "Show Parameter Settings in Synthesis Report" option in "Analysis and Synthesis Settings -> More Settings" to "Off".


+---------------------------------------------------------------------------------------------------------------------------------------------------------------+
; Parameter Settings for User Entity Instance: SEGMENT_DISPLAY:SEGMENT_DISPLAY|binary_decimal:binary_decimal|lpmdiv:lpmdiv_inst|lpm_divide:LPM_DIVIDE_component ;
+------------------------+----------------+---------------------------------------------------------------------------------------------------------------------+
; Parameter Name         ; Value          ; Type                                                                                                                ;
+------------------------+----------------+---------------------------------------------------------------------------------------------------------------------+
; LPM_WIDTHN             ; 7              ; Signed Integer                                                                                                      ;
; LPM_WIDTHD             ; 7              ; Signed Integer                                                                                                      ;
; LPM_NREPRESENTATION    ; UNSIGNED       ; Untyped                                                                                                             ;
; LPM_DREPRESENTATION    ; UNSIGNED       ; Untyped                                                                                                             ;
; LPM_PIPELINE           ; 0              ; Untyped                                                                                                             ;
; LPM_REMAINDERPOSITIVE  ; TRUE           ; Untyped                                                                                                             ;
; MAXIMIZE_SPEED         ; 6              ; Untyped                                                                                                             ;
; CBXI_PARAMETER         ; lpm_divide_79u ; Untyped                                                                                                             ;
; CARRY_CHAIN            ; MANUAL         ; Untyped                                                                                                             ;
; OPTIMIZE_FOR_SPEED     ; 5              ; Untyped                                                                                                             ;
; AUTO_CARRY_CHAINS      ; ON             ; AUTO_CARRY                                                                                                          ;
; IGNORE_CARRY_BUFFERS   ; OFF            ; IGNORE_CARRY                                                                                                        ;
; AUTO_CASCADE_CHAINS    ; ON             ; AUTO_CASCADE                                                                                                        ;
; IGNORE_CASCADE_BUFFERS ; OFF            ; IGNORE_CASCADE                                                                                                      ;
+------------------------+----------------+---------------------------------------------------------------------------------------------------------------------+
Note: In order to hide this table in the UI and the text report file, please set the "Show Parameter Settings in Synthesis Report" option in "Analysis and Synthesis Settings -> More Settings" to "Off".


+-----------------------------------------------------------------------------------------------------------------------------------------------------------------+
; Parameter Settings for User Entity Instance: SEGMENT_DISPLAY:SEGMENT_DISPLAY|binary_decimal:binary_decimal|lpmdiv:lpmdiv_inst_2|lpm_divide:LPM_DIVIDE_component ;
+------------------------+----------------+-----------------------------------------------------------------------------------------------------------------------+
; Parameter Name         ; Value          ; Type                                                                                                                  ;
+------------------------+----------------+-----------------------------------------------------------------------------------------------------------------------+
; LPM_WIDTHN             ; 7              ; Signed Integer                                                                                                        ;
; LPM_WIDTHD             ; 7              ; Signed Integer                                                                                                        ;
; LPM_NREPRESENTATION    ; UNSIGNED       ; Untyped                                                                                                               ;
; LPM_DREPRESENTATION    ; UNSIGNED       ; Untyped                                                                                                               ;
; LPM_PIPELINE           ; 0              ; Untyped                                                                                                               ;
; LPM_REMAINDERPOSITIVE  ; TRUE           ; Untyped                                                                                                               ;
; MAXIMIZE_SPEED         ; 6              ; Untyped                                                                                                               ;
; CBXI_PARAMETER         ; lpm_divide_79u ; Untyped                                                                                                               ;
; CARRY_CHAIN            ; MANUAL         ; Untyped                                                                                                               ;
; OPTIMIZE_FOR_SPEED     ; 5              ; Untyped                                                                                                               ;
; AUTO_CARRY_CHAINS      ; ON             ; AUTO_CARRY                                                                                                            ;
; IGNORE_CARRY_BUFFERS   ; OFF            ; IGNORE_CARRY                                                                                                          ;
; AUTO_CASCADE_CHAINS    ; ON             ; AUTO_CASCADE                                                                                                          ;
; IGNORE_CASCADE_BUFFERS ; OFF            ; IGNORE_CASCADE                                                                                                        ;
+------------------------+----------------+-----------------------------------------------------------------------------------------------------------------------+
Note: In order to hide this table in the UI and the text report file, please set the "Show Parameter Settings in Synthesis Report" option in "Analysis and Synthesis Settings -> More Settings" to "Off".


+--------------------------------------------------------------------------------------------------------------------------+
; Port Connectivity Checks: "SEGMENT_DISPLAY:SEGMENT_DISPLAY|binary_decimal:binary_decimal|lpmdiv:lpmdiv_inst_2"           ;
+----------------+--------+----------+-------------------------------------------------------------------------------------+
; Port           ; Type   ; Severity ; Details                                                                             ;
+----------------+--------+----------+-------------------------------------------------------------------------------------+
; denom[6..4]    ; Input  ; Info     ; Stuck at GND                                                                        ;
; denom[3]       ; Input  ; Info     ; Stuck at VCC                                                                        ;
; denom[2]       ; Input  ; Info     ; Stuck at GND                                                                        ;
; denom[1]       ; Input  ; Info     ; Stuck at VCC                                                                        ;
; denom[0]       ; Input  ; Info     ; Stuck at GND                                                                        ;
; quotient[6..4] ; Output ; Info     ; Connected to dangling logic. Logic that only feeds a dangling port will be removed. ;
; remain         ; Output ; Info     ; Explicitly unconnected                                                              ;
+----------------+--------+----------+-------------------------------------------------------------------------------------+


+-----------------------------------------------------------------------------------------------------------------------------------------------------------------------------------------------------------------+
; Port Connectivity Checks: "SEGMENT_DISPLAY:SEGMENT_DISPLAY|binary_decimal:binary_decimal|lpmdiv:lpmdiv_inst"                                                                                                    ;
+----------+--------+----------+----------------------------------------------------------------------------------------------------------------------------------------------------------------------------------+
; Port     ; Type   ; Severity ; Details                                                                                                                                                                          ;
+----------+--------+----------+----------------------------------------------------------------------------------------------------------------------------------------------------------------------------------+
; denom[4] ; Input  ; Info     ; Stuck at GND                                                                                                                                                                     ;
; numer    ; Input  ; Warning  ; Input port expression (8 bits) is wider than the input port (7 bits) it drives.  The 1 most-significant bit(s) in the expression will be dangling if they have no other fanouts. ;
; quotient ; Output ; Info     ; Connected to dangling logic. Logic that only feeds a dangling port will be removed.                                                                                              ;
+----------+--------+----------+----------------------------------------------------------------------------------------------------------------------------------------------------------------------------------+


+-----------------------------------------------------------------------------------------------------------------------------------------------------------------------------------------------------------+
; Port Connectivity Checks: "SEGMENT_DISPLAY:SEGMENT_DISPLAY|binary_decimal:binary_decimal"                                                                                                                 ;
+---------------+--------+----------+-----------------------------------------------------------------------------------------------------------------------------------------------------------------------+
; Port          ; Type   ; Severity ; Details                                                                                                                                                               ;
+---------------+--------+----------+-----------------------------------------------------------------------------------------------------------------------------------------------------------------------+
; data          ; Input  ; Warning  ; Input port expression (7 bits) is smaller than the input port (8 bits) it drives.  Extra input bit(s) "data[7..7]" will be connected to GND.                          ;
; decimal_digit ; Output ; Warning  ; Output or bidir port (4 bits) is smaller than the port expression (5 bits) it drives.  The 1 most-significant bit(s) in the port expression will be connected to GND. ;
+---------------+--------+----------+-----------------------------------------------------------------------------------------------------------------------------------------------------------------------+


+-----------------------------------------------------+
; Post-Synthesis Netlist Statistics for Top Partition ;
+-----------------------+-----------------------------+
; Type                  ; Count                       ;
+-----------------------+-----------------------------+
; boundary_port         ; 16                          ;
; cycloneiii_ff         ; 107                         ;
;     CLR               ; 103                         ;
;     ENA CLR           ; 4                           ;
; cycloneiii_io_obuf    ; 1                           ;
; cycloneiii_lcell_comb ; 313                         ;
;     arith             ; 109                         ;
;         1 data inputs ; 1                           ;
;         2 data inputs ; 82                          ;
;         3 data inputs ; 26                          ;
;     normal            ; 204                         ;
;         0 data inputs ; 7                           ;
;         1 data inputs ; 9                           ;
;         2 data inputs ; 44                          ;
;         3 data inputs ; 37                          ;
;         4 data inputs ; 107                         ;
;                       ;                             ;
; Max LUT depth         ; 22.80                       ;
; Average LUT depth     ; 8.19                        ;
+-----------------------+-----------------------------+


+-------------------------------+
; Elapsed Time Per Partition    ;
+----------------+--------------+
; Partition Name ; Elapsed Time ;
+----------------+--------------+
; Top            ; 00:00:00     ;
+----------------+--------------+


+-------------------------------+
; Analysis & Synthesis Messages ;
+-------------------------------+
Info: *******************************************************************
Info: Running Quartus Prime Analysis & Synthesis
    Info: Version 22.1std.2 Build 922 07/20/2023 SC Lite Edition
    Info: Processing started: Sat Sep  9 19:57:52 2023
Info: Command: quartus_map --read_settings_files=on --write_settings_files=off EmbeddedStudioA -c EmbeddedStudioA
Warning (18236): Number of processors has not been specified which may cause overloading on shared machines.  Set the global assignment NUM_PARALLEL_PROCESSORS in your QSF to an appropriate value for best performance.
Info (20030): Parallel compilation is enabled and will use 4 of the 4 processors detected
Info (12021): Found 1 design units, including 1 entities, in source file lpmdiv.v
    Info (12023): Found entity 1: lpmdiv File: C:/Users/Alici/Documents/EmbeddedStudioA/lpmdiv.v Line: 40
Info (12021): Found 1 design units, including 1 entities, in source file embeddedstudioa.v
    Info (12023): Found entity 1: EmbeddedStudioA File: C:/Users/Alici/Documents/EmbeddedStudioA/EmbeddedStudioA.v Line: 3
Info (12021): Found 1 design units, including 1 entities, in source file segment_display.v
    Info (12023): Found entity 1: SEGMENT_DISPLAY File: C:/Users/Alici/Documents/EmbeddedStudioA/SEGMENT_DISPLAY.v Line: 4
Info (12021): Found 1 design units, including 1 entities, in source file i2c.v
    Info (12023): Found entity 1: I2C File: C:/Users/Alici/Documents/EmbeddedStudioA/I2C.v Line: 1
Info (12021): Found 1 design units, including 1 entities, in source file binary2decimal.v
    Info (12023): Found entity 1: binary_decimal File: C:/Users/Alici/Documents/EmbeddedStudioA/BINARY2DECIMAL.v Line: 1
Info (12127): Elaborating entity "EmbeddedStudioA" for the top level hierarchy
Info (12128): Elaborating entity "I2C" for hierarchy "I2C:I2C" File: C:/Users/Alici/Documents/EmbeddedStudioA/EmbeddedStudioA.v Line: 18
Info (12128): Elaborating entity "SEGMENT_DISPLAY" for hierarchy "SEGMENT_DISPLAY:SEGMENT_DISPLAY" File: C:/Users/Alici/Documents/EmbeddedStudioA/EmbeddedStudioA.v Line: 26
Warning (10230): Verilog HDL assignment warning at SEGMENT_DISPLAY.v(64): truncated value with size 32 to match size of target (17) File: C:/Users/Alici/Documents/EmbeddedStudioA/SEGMENT_DISPLAY.v Line: 64
Warning (10235): Verilog HDL Always Construct warning at SEGMENT_DISPLAY.v(129): variable "display_data" is read inside the Always Construct but isn't in the Always Construct's Event Control File: C:/Users/Alici/Documents/EmbeddedStudioA/SEGMENT_DISPLAY.v Line: 129
Warning (10235): Verilog HDL Always Construct warning at SEGMENT_DISPLAY.v(129): variable "display" is read inside the Always Construct but isn't in the Always Construct's Event Control File: C:/Users/Alici/Documents/EmbeddedStudioA/SEGMENT_DISPLAY.v Line: 129
Info (12128): Elaborating entity "binary_decimal" for hierarchy "SEGMENT_DISPLAY:SEGMENT_DISPLAY|binary_decimal:binary_decimal" File: C:/Users/Alici/Documents/EmbeddedStudioA/SEGMENT_DISPLAY.v Line: 50
Warning (10235): Verilog HDL Always Construct warning at BINARY2DECIMAL.v(57): variable "display_data" is read inside the Always Construct but isn't in the Always Construct's Event Control File: C:/Users/Alici/Documents/EmbeddedStudioA/BINARY2DECIMAL.v Line: 57
Warning (10235): Verilog HDL Always Construct warning at BINARY2DECIMAL.v(58): variable "select" is read inside the Always Construct but isn't in the Always Construct's Event Control File: C:/Users/Alici/Documents/EmbeddedStudioA/BINARY2DECIMAL.v Line: 58
Warning (10235): Verilog HDL Always Construct warning at BINARY2DECIMAL.v(66): variable "select" is read inside the Always Construct but isn't in the Always Construct's Event Control File: C:/Users/Alici/Documents/EmbeddedStudioA/BINARY2DECIMAL.v Line: 66
Info (12128): Elaborating entity "lpmdiv" for hierarchy "SEGMENT_DISPLAY:SEGMENT_DISPLAY|binary_decimal:binary_decimal|lpmdiv:lpmdiv_inst" File: C:/Users/Alici/Documents/EmbeddedStudioA/BINARY2DECIMAL.v Line: 40
Info (12128): Elaborating entity "lpm_divide" for hierarchy "SEGMENT_DISPLAY:SEGMENT_DISPLAY|binary_decimal:binary_decimal|lpmdiv:lpmdiv_inst|lpm_divide:LPM_DIVIDE_component" File: C:/Users/Alici/Documents/EmbeddedStudioA/lpmdiv.v Line: 63
Info (12130): Elaborated megafunction instantiation "SEGMENT_DISPLAY:SEGMENT_DISPLAY|binary_decimal:binary_decimal|lpmdiv:lpmdiv_inst|lpm_divide:LPM_DIVIDE_component" File: C:/Users/Alici/Documents/EmbeddedStudioA/lpmdiv.v Line: 63
Info (12133): Instantiated megafunction "SEGMENT_DISPLAY:SEGMENT_DISPLAY|binary_decimal:binary_decimal|lpmdiv:lpmdiv_inst|lpm_divide:LPM_DIVIDE_component" with the following parameter: File: C:/Users/Alici/Documents/EmbeddedStudioA/lpmdiv.v Line: 63
    Info (12134): Parameter "lpm_drepresentation" = "UNSIGNED"
    Info (12134): Parameter "lpm_hint" = "MAXIMIZE_SPEED=6,LPM_REMAINDERPOSITIVE=TRUE"
    Info (12134): Parameter "lpm_nrepresentation" = "UNSIGNED"
    Info (12134): Parameter "lpm_type" = "LPM_DIVIDE"
    Info (12134): Parameter "lpm_widthd" = "7"
    Info (12134): Parameter "lpm_widthn" = "7"
Info (12021): Found 1 design units, including 1 entities, in source file db/lpm_divide_79u.tdf
    Info (12023): Found entity 1: lpm_divide_79u File: C:/Users/Alici/Documents/EmbeddedStudioA/db/lpm_divide_79u.tdf Line: 25
Info (12128): Elaborating entity "lpm_divide_79u" for hierarchy "SEGMENT_DISPLAY:SEGMENT_DISPLAY|binary_decimal:binary_decimal|lpmdiv:lpmdiv_inst|lpm_divide:LPM_DIVIDE_component|lpm_divide_79u:auto_generated" File: c:/intelfpga_lite/22.1std/quartus/libraries/megafunctions/lpm_divide.tdf Line: 148
Info (12021): Found 1 design units, including 1 entities, in source file db/sign_div_unsign_ekh.tdf
    Info (12023): Found entity 1: sign_div_unsign_ekh File: C:/Users/Alici/Documents/EmbeddedStudioA/db/sign_div_unsign_ekh.tdf Line: 25
Info (12128): Elaborating entity "sign_div_unsign_ekh" for hierarchy "SEGMENT_DISPLAY:SEGMENT_DISPLAY|binary_decimal:binary_decimal|lpmdiv:lpmdiv_inst|lpm_divide:LPM_DIVIDE_component|lpm_divide_79u:auto_generated|sign_div_unsign_ekh:divider" File: C:/Users/Alici/Documents/EmbeddedStudioA/db/lpm_divide_79u.tdf Line: 36
Info (12021): Found 1 design units, including 1 entities, in source file db/alt_u_div_f4f.tdf
    Info (12023): Found entity 1: alt_u_div_f4f File: C:/Users/Alici/Documents/EmbeddedStudioA/db/alt_u_div_f4f.tdf Line: 27
Info (12128): Elaborating entity "alt_u_div_f4f" for hierarchy "SEGMENT_DISPLAY:SEGMENT_DISPLAY|binary_decimal:binary_decimal|lpmdiv:lpmdiv_inst|lpm_divide:LPM_DIVIDE_component|lpm_divide_79u:auto_generated|sign_div_unsign_ekh:divider|alt_u_div_f4f:divider" File: C:/Users/Alici/Documents/EmbeddedStudioA/db/sign_div_unsign_ekh.tdf Line: 33
Info (12021): Found 1 design units, including 1 entities, in source file db/add_sub_7pc.tdf
    Info (12023): Found entity 1: add_sub_7pc File: C:/Users/Alici/Documents/EmbeddedStudioA/db/add_sub_7pc.tdf Line: 23
Info (12128): Elaborating entity "add_sub_7pc" for hierarchy "SEGMENT_DISPLAY:SEGMENT_DISPLAY|binary_decimal:binary_decimal|lpmdiv:lpmdiv_inst|lpm_divide:LPM_DIVIDE_component|lpm_divide_79u:auto_generated|sign_div_unsign_ekh:divider|alt_u_div_f4f:divider|add_sub_7pc:add_sub_0" File: C:/Users/Alici/Documents/EmbeddedStudioA/db/alt_u_div_f4f.tdf Line: 35
Info (12021): Found 1 design units, including 1 entities, in source file db/add_sub_8pc.tdf
    Info (12023): Found entity 1: add_sub_8pc File: C:/Users/Alici/Documents/EmbeddedStudioA/db/add_sub_8pc.tdf Line: 23
Info (12128): Elaborating entity "add_sub_8pc" for hierarchy "SEGMENT_DISPLAY:SEGMENT_DISPLAY|binary_decimal:binary_decimal|lpmdiv:lpmdiv_inst|lpm_divide:LPM_DIVIDE_component|lpm_divide_79u:auto_generated|sign_div_unsign_ekh:divider|alt_u_div_f4f:divider|add_sub_8pc:add_sub_1" File: C:/Users/Alici/Documents/EmbeddedStudioA/db/alt_u_div_f4f.tdf Line: 36
Warning (12241): 2 hierarchies have connectivity warnings - see the Connectivity Checks report folder
Info (13000): Registers with preset signals will power-up high File: C:/Users/Alici/Documents/EmbeddedStudioA/I2C.v Line: 16
Info (13003): DEV_CLRn pin will set, and not reset, register with preset signal due to NOT Gate Push-Back
Info (286030): Timing-Driven Synthesis is running
Info (17049): 4 registers lost all their fanouts during netlist optimizations.
Info (16010): Generating hard_block partition "hard_block:auto_generated_inst"
    Info (16011): Adding 0 node(s), including 0 DDIO, 0 PLL, 0 transceiver and 0 LCELL
Info (21057): Implemented 325 device resources after synthesis - the final resource count might be different
    Info (21058): Implemented 2 input pins
    Info (21059): Implemented 13 output pins
    Info (21060): Implemented 1 bidirectional pins
    Info (21061): Implemented 309 logic cells
Info: Quartus Prime Analysis & Synthesis was successful. 0 errors, 8 warnings
    Info: Peak virtual memory: 4774 megabytes
    Info: Processing ended: Sat Sep  9 19:58:01 2023
    Info: Elapsed time: 00:00:09
    Info: Total CPU time (on all processors): 00:00:20


